<?xml version="1.0" encoding="UTF-8"?>
<!-- Generated by org.testng.reporters.JUnitXMLReporter -->
<testsuite hostname="LAPTOP-JN7V6PCP" name="Default test" tests="5" failures="0" timestamp="22 Jul 2021 04:32:45 GMT" time="0.154" errors="0">
  <testcase name="login" time="0.04" classname="selenium.testngTest"/>
  <testcase name="reg" time="0.009" classname="selenium.testngTest"/>
  <testcase name="order" time="0.005" classname="selenium.testngTest"/>
  <testcase name="booking" time="0.004" classname="selenium.testngTest"/>
  <testcase name="close" time="0.006" classname="selenium.testngTest"/>
</testsuite> <!-- Default test -->
